<?xml version="1.0" encoding="UTF-8"?>
<robot generator="Robot 6.1.1 (Python 3.11.5 on win32)" generated="20230928 20:27:08.615" rpa="false" schemaversion="4">
<suite id="s1" name="Test03" source="C:\Users\Admin\Desktop\session3\automatisation\Script2\Testcases\test03.robot">
<test id="s1-t1" name="tc01" line="10">
<kw name="Log" library="BuiltIn">
<arg>test1</arg>
<doc>Logs the given message with the given level.</doc>
<msg timestamp="20230928 20:27:08.748" level="INFO">test1</msg>
<status status="PASS" starttime="20230928 20:27:08.748" endtime="20230928 20:27:08.748"/>
</kw>
<tag>regression</tag>
<status status="PASS" starttime="20230928 20:27:08.748" endtime="20230928 20:27:08.749"/>
</test>
<test id="s1-t2" name="tc02" line="13">
<kw name="Log" library="BuiltIn">
<arg>test2</arg>
<doc>Logs the given message with the given level.</doc>
<msg timestamp="20230928 20:27:08.751" level="INFO">test2</msg>
<status status="PASS" starttime="20230928 20:27:08.751" endtime="20230928 20:27:08.751"/>
</kw>
<tag>regression</tag>
<status status="PASS" starttime="20230928 20:27:08.750" endtime="20230928 20:27:08.751"/>
</test>
<test id="s1-t3" name="tc05" line="24">
<kw name="Log" library="BuiltIn">
<arg>test5</arg>
<doc>Logs the given message with the given level.</doc>
<msg timestamp="20230928 20:27:08.755" level="INFO">test5</msg>
<status status="PASS" starttime="20230928 20:27:08.754" endtime="20230928 20:27:08.755"/>
</kw>
<tag>performance</tag>
<status status="PASS" starttime="20230928 20:27:08.754" endtime="20230928 20:27:08.755"/>
</test>
<test id="s1-t4" name="tc06" line="27">
<kw name="Log" library="BuiltIn">
<arg>test6</arg>
<doc>Logs the given message with the given level.</doc>
<msg timestamp="20230928 20:27:08.758" level="INFO">test6</msg>
<status status="PASS" starttime="20230928 20:27:08.757" endtime="20230928 20:27:08.758"/>
</kw>
<tag>performance</tag>
<status status="PASS" starttime="20230928 20:27:08.757" endtime="20230928 20:27:08.758"/>
</test>
<status status="PASS" starttime="20230928 20:27:08.616" endtime="20230928 20:27:08.760"/>
</suite>
<statistics>
<total>
<stat pass="4" fail="0" skip="0">All Tests</stat>
</total>
<tag>
<stat pass="2" fail="0" skip="0">performance</stat>
<stat pass="2" fail="0" skip="0">regression</stat>
</tag>
<suite>
<stat pass="4" fail="0" skip="0" id="s1" name="Test03">Test03</stat>
</suite>
</statistics>
<errors>
</errors>
</robot>
